<?xml version="1.0" encoding="UTF-8"?>
<testsuite xmlns:xsi="http://www.w3.org/2001/XMLSchema-instance" xsi:noNamespaceSchemaLocation="https://maven.apache.org/surefire/maven-surefire-plugin/xsd/surefire-test-report-3.0.xsd" version="3.0" name="com.payment.TransactionControllerIntegrationTest" time="9.281" tests="7" errors="0" skipped="0" failures="0">
  <properties>
[...]
</properties>
  <testcase name="testGetUserNotFound" classname="com.payment.TransactionControllerIntegrationTest" time="1.232">
    <system-out><![CDATA[14:30:49.477 [main] INFO org.springframework.test.context.support.AnnotationConfigContextLoaderUtils -- Could not detect default configuration classes for test class [com.payment.TransactionControllerIntegrationTest]: TransactionControllerIntegrationTest does not declare any static, non-private, non-final, nested classes annotated with @Configuration.
14:30:49.592 [main] INFO org.springframework.boot.test.context.SpringBootTestContextBootstrapper -- Found @SpringBootConfiguration com.payment.PaymentTransactionServiceApplication for test class com.payment.TransactionControllerIntegrationTest

  .   ____          _            __ _ _
 /\\ / ___'_ __ _ _(_)_ __  __ _ \ \ \ \
( ( )\___ | '_ | '_| | '_ \/ _` | \ \ \ \
 \\/  ___)| |_)| | | | | || (_| |  ) ) ) )
  '  |____| .__|_| |_|_| |_\__, | / / / /
 =========|_|==============|___/=/_/_/_/
 :: Spring Boot ::                (v3.2.5)

2026-09-24T14:30:50.031+05:30  INFO 8316 --- [payment-transaction-service] [           main] c.p.TransactionControllerIntegrationTest : Starting TransactionControllerIntegrationTest using Java 21.0.12.1 with PID 8316 (started by New in C:\Users\New\.gemini\antigravity\scratch\payment-transaction-service)
2026-09-24T14:30:50.032+05:30  INFO 8316 --- [payment-transaction-service] [           main] c.p.TransactionControllerIntegrationTest : No active profile set, falling back to 1 default profile: "default"
2026-09-24T14:30:50.830+05:30  INFO 8316 --- [payment-transaction-service] [           main] .s.d.r.c.RepositoryConfigurationDelegate : Bootstrapping Spring Data JPA repositories in DEFAULT mode.
2026-09-24T14:30:50.880+05:30  INFO 8316 --- [payment-transaction-service] [           main] .s.d.r.c.RepositoryConfigurationDelegate : Finished Spring Data repository scanning in 45 ms. Found 2 JPA repository interfaces.
2026-09-24T14:30:51.415+05:30  INFO 8316 --- [payment-transaction-service] [           main] o.hibernate.jpa.internal.util.LogHelper  : HHH000204: Processing PersistenceUnitInfo [name: default]
2026-09-24T14:30:51.537+05:30  INFO 8316 --- [payment-transaction-service] [           main] org.hibernate.Version                    : HHH000412: Hibernate ORM core version 6.4.4.Final
2026-09-24T14:30:51.572+05:30  INFO 8316 --- [payment-transaction-service] [           main] o.h.c.internal.RegionFactoryInitiator    : HHH000026: Second-level cache disabled
2026-09-24T14:30:51.866+05:30  INFO 8316 --- [payment-transaction-service] [           main] o.s.o.j.p.SpringPersistenceUnitInfo      : No LoadTimeWeaver setup: ignoring JPA class transformer
2026-09-24T14:30:51.896+05:30  INFO 8316 --- [payment-transaction-service] [           main] com.zaxxer.hikari.HikariDataSource       : HikariPool-1 - Starting...
2026-09-24T14:30:52.057+05:30  INFO 8316 --- [payment-transaction-service] [           main] com.zaxxer.hikari.pool.HikariPool        : HikariPool-1 - Added connection conn0: url=jdbc:h2:mem:testdb user=SA
2026-09-24T14:30:52.058+05:30  INFO 8316 --- [payment-transaction-service] [           main] com.zaxxer.hikari.HikariDataSource       : HikariPool-1 - Start completed.
2026-09-24T14:30:52.796+05:30  INFO 8316 --- [payment-transaction-service] [           main] o.h.e.t.j.p.i.JtaPlatformInitiator       : HHH000489: No JTA platform available (set 'hibernate.transaction.jta.platform' to enable JTA platform integration)
Hibernate: 
    drop table if exists transactions cascade 
Hibernate: 
    drop table if exists users cascade 
Hibernate: 
    create table transactions (
        amount numeric(19,2) not null,
        created_at timestamp(6) not null,
        recipient_id bigint not null,
        sender_id bigint not null,
        updated_at timestamp(6) not null,
        id uuid not null,
        description varchar(255),
        status varchar(255) not null check (status in ('PENDING','COMPLETED','FAILED')),
        primary key (id)
    )
Hibernate: 
    create table users (
        balance numeric(19,2) not null,
        created_at timestamp(6) not null,
        id bigint generated by default as identity,
        email varchar(255) not null,
        username varchar(255) not null unique,
        primary key (id)
    )
2026-09-24T14:30:52.831+05:30  INFO 8316 --- [payment-transaction-service] [           main] j.LocalContainerEntityManagerFactoryBean : Initialized JPA EntityManagerFactory for persistence unit 'default'
2026-09-24T14:30:53.303+05:30  INFO 8316 --- [payment-transaction-service] [           main] o.s.d.j.r.query.QueryEnhancerFactory     : Hibernate is in classpath; If applicable, HQL parser will be used.
2026-09-24T14:30:53.736+05:30  WARN 8316 --- [payment-transaction-service] [           main] JpaBaseConfiguration$JpaWebConfiguration : spring.jpa.open-in-view is enabled by default. Therefore, database queries may be performed during view rendering. Explicitly configure spring.jpa.open-in-view to disable this warning
2026-09-24T14:30:53.760+05:30  WARN 8316 --- [payment-transaction-service] [           main] .s.s.UserDetailsServiceAutoConfiguration : 

Using generated security password: bf6f8c61-fe29-409d-ad95-4229f1cc525d

This generated password is for development use only. Your security configuration must be updated before running your application in production.

2026-09-24T14:30:54.165+05:30  INFO 8316 --- [payment-transaction-service] [           main] o.s.s.web.DefaultSecurityFilterChain     : Will secure any request with [org.springframework.security.web.session.DisableEncodeUrlFilter@49a46f29, org.springframework.security.web.context.request.async.WebAsyncManagerIntegrationFilter@7356ec91, org.springframework.security.web.context.SecurityContextHolderFilter@1a56cb99, org.springframework.security.web.header.HeaderWriterFilter@678db8be, org.springframework.web.filter.CorsFilter@3f803fae, org.springframework.security.web.authentication.logout.LogoutFilter@4d79651d, org.springframework.security.web.savedrequest.RequestCacheAwareFilter@5acc6ca1, org.springframework.security.web.servletapi.SecurityContextHolderAwareRequestFilter@100235c7, org.springframework.security.web.authentication.AnonymousAuthenticationFilter@33224703, org.springframework.security.web.access.ExceptionTranslationFilter@56a34c0e, org.springframework.security.web.access.intercept.AuthorizationFilter@4fdea2de]
2026-09-24T14:30:54.465+05:30  INFO 8316 --- [payment-transaction-service] [           main] o.s.b.a.h2.H2ConsoleAutoConfiguration    : H2 console available at '/h2-console'. Database available at 'jdbc:h2:mem:testdb'
2026-09-24T14:30:54.571+05:30  INFO 8316 --- [payment-transaction-service] [           main] o.s.b.t.m.w.SpringBootMockServletContext : Initializing Spring TestDispatcherServlet ''
2026-09-24T14:30:54.571+05:30  INFO 8316 --- [payment-transaction-service] [           main] o.s.t.web.servlet.TestDispatcherServlet  : Initializing Servlet ''
2026-09-24T14:30:54.572+05:30  INFO 8316 --- [payment-transaction-service] [           main] o.s.t.web.servlet.TestDispatcherServlet  : Completed initialization in 1 ms
2026-09-24T14:30:54.596+05:30  INFO 8316 --- [payment-transaction-service] [           main] c.p.TransactionControllerIntegrationTest : Started TransactionControllerIntegrationTest in 4.834 seconds (process running for 5.886)
2026-09-24T14:30:54.639+05:30  INFO 8316 --- [payment-transaction-service] [           main] j.LocalContainerEntityManagerFactoryBean : Closing JPA EntityManagerFactory for persistence unit 'default'
Hibernate: 
    drop table if exists transactions cascade 
Hibernate: 
    drop table if exists users cascade 
2026-09-24T14:30:54.644+05:30  INFO 8316 --- [payment-transaction-service] [           main] com.zaxxer.hikari.HikariDataSource       : HikariPool-1 - Shutdown initiated...
2026-09-24T14:30:54.647+05:30  INFO 8316 --- [payment-transaction-service] [           main] com.zaxxer.hikari.HikariDataSource       : HikariPool-1 - Shutdown completed.

  .   ____          _            __ _ _
 /\\ / ___'_ __ _ _(_)_ __  __ _ \ \ \ \
( ( )\___ | '_ | '_| | '_ \/ _` | \ \ \ \
 \\/  ___)| |_)| | | | | || (_| |  ) ) ) )
  '  |____| .__|_| |_|_| |_\__, | / / / /
 =========|_|==============|___/=/_/_/_/
 :: Spring Boot ::                (v3.2.5)

2026-09-24T14:30:54.681+05:30  INFO 8316 --- [payment-transaction-service] [           main] c.p.TransactionControllerIntegrationTest : Starting TransactionControllerIntegrationTest using Java 21.0.12.1 with PID 8316 (started by New in C:\Users\New\.gemini\antigravity\scratch\payment-transaction-service)
2026-09-24T14:30:54.681+05:30  INFO 8316 --- [payment-transaction-service] [           main] c.p.TransactionControllerIntegrationTest : No active profile set, falling back to 1 default profile: "default"
2026-09-24T14:30:54.846+05:30  INFO 8316 --- [payment-transaction-service] [           main] .s.d.r.c.RepositoryConfigurationDelegate : Bootstrapping Spring Data JPA repositories in DEFAULT mode.
2026-09-24T14:30:54.857+05:30  INFO 8316 --- [payment-transaction-service] [           main] .s.d.r.c.RepositoryConfigurationDelegate : Finished Spring Data repository scanning in 10 ms. Found 2 JPA repository interfaces.
2026-09-24T14:30:54.949+05:30  INFO 8316 --- [payment-transaction-service] [           main] o.hibernate.jpa.internal.util.LogHelper  : HHH000204: Processing PersistenceUnitInfo [name: default]
2026-09-24T14:30:54.953+05:30  INFO 8316 --- [payment-transaction-service] [           main] o.h.c.internal.RegionFactoryInitiator    : HHH000026: Second-level cache disabled
2026-09-24T14:30:54.958+05:30  INFO 8316 --- [payment-transaction-service] [           main] o.s.o.j.p.SpringPersistenceUnitInfo      : No LoadTimeWeaver setup: ignoring JPA class transformer
2026-09-24T14:30:54.959+05:30  INFO 8316 --- [payment-transaction-service] [           main] com.zaxxer.hikari.HikariDataSource       : HikariPool-2 - Starting...
2026-09-24T14:30:54.961+05:30  INFO 8316 --- [payment-transaction-service] [           main] com.zaxxer.hikari.pool.HikariPool        : HikariPool-2 - Added connection conn10: url=jdbc:h2:mem:testdb user=SA
2026-09-24T14:30:54.961+05:30  INFO 8316 --- [payment-transaction-service] [           main] com.zaxxer.hikari.HikariDataSource       : HikariPool-2 - Start completed.
2026-09-24T14:30:55.023+05:30  INFO 8316 --- [payment-transaction-service] [           main] o.h.e.t.j.p.i.JtaPlatformInitiator       : HHH000489: No JTA platform available (set 'hibernate.transaction.jta.platform' to enable JTA platform integration)
Hibernate: 
    drop table if exists transactions cascade 
Hibernate: 
    drop table if exists users cascade 
Hibernate: 
    create table transactions (
        amount numeric(19,2) not null,
        created_at timestamp(6) not null,
        recipient_id bigint not null,
        sender_id bigint not null,
        updated_at timestamp(6) not null,
        id uuid not null,
        description varchar(255),
        status varchar(255) not null check (status in ('PENDING','COMPLETED','FAILED')),
        primary key (id)
    )
Hibernate: 
    create table users (
        balance numeric(19,2) not null,
        created_at timestamp(6) not null,
        id bigint generated by default as identity,
        email varchar(255) not null,
        username varchar(255) not null unique,
        primary key (id)
    )
2026-09-24T14:30:55.027+05:30  INFO 8316 --- [payment-transaction-service] [           main] j.LocalContainerEntityManagerFactoryBean : Initialized JPA EntityManagerFactory for persistence unit 'default'
2026-09-24T14:30:55.086+05:30  WARN 8316 --- [payment-transaction-service] [           main] JpaBaseConfiguration$JpaWebConfiguration : spring.jpa.open-in-view is enabled by default. Therefore, database queries may be performed during view rendering. Explicitly configure spring.jpa.open-in-view to disable this warning
2026-09-24T14:30:55.091+05:30  WARN 8316 --- [payment-transaction-service] [           main] .s.s.UserDetailsServiceAutoConfiguration : 

Using generated security password: 6e0332b3-8d47-4825-940e-fbff2655dd56

This generated password is for development use only. Your security configuration must be updated before running your application in production.

2026-09-24T14:30:55.146+05:30  INFO 8316 --- [payment-transaction-service] [           main] o.s.s.web.DefaultSecurityFilterChain     : Will secure any request with [org.springframework.security.web.session.DisableEncodeUrlFilter@6c18cf67, org.springframework.security.web.context.request.async.WebAsyncManagerIntegrationFilter@74ed11d7, org.springframework.security.web.context.SecurityContextHolderFilter@4b5dd040, org.springframework.security.web.header.HeaderWriterFilter@407339e5, org.springframework.web.filter.CorsFilter@29794ef5, org.springframework.security.web.authentication.logout.LogoutFilter@5259469d, org.springframework.security.web.savedrequest.RequestCacheAwareFilter@62e507c6, org.springframework.security.web.servletapi.SecurityContextHolderAwareRequestFilter@2e46ffd5, org.springframework.security.web.authentication.AnonymousAuthenticationFilter@623eebca, org.springframework.security.web.access.ExceptionTranslationFilter@6135bb54, org.springframework.security.web.access.intercept.AuthorizationFilter@1694cbc]
2026-09-24T14:30:55.197+05:30  INFO 8316 --- [payment-transaction-service] [           main] o.s.b.a.h2.H2ConsoleAutoConfiguration    : H2 console available at '/h2-console'. Database available at 'jdbc:h2:mem:testdb'
2026-09-24T14:30:55.213+05:30  INFO 8316 --- [payment-transaction-service] [           main] o.s.b.t.m.w.SpringBootMockServletContext : Initializing Spring TestDispatcherServlet ''
2026-09-24T14:30:55.213+05:30  INFO 8316 --- [payment-transaction-service] [           main] o.s.t.web.servlet.TestDispatcherServlet  : Initializing Servlet ''
2026-09-24T14:30:55.214+05:30  INFO 8316 --- [payment-transaction-service] [           main] o.s.t.web.servlet.TestDispatcherServlet  : Completed initialization in 1 ms
2026-09-24T14:30:55.219+05:30  INFO 8316 --- [payment-transaction-service] [           main] c.p.TransactionControllerIntegrationTest : Started TransactionControllerIntegrationTest in 0.566 seconds (process running for 6.509)
Hibernate: 
    select
        u1_0.id,
        u1_0.balance,
        u1_0.created_at,
        u1_0.email,
        u1_0.username 
    from
        users u1_0 
    where
        u1_0.id=?
]]></system-out>
    <system-err><![CDATA[WARNING: A Java agent has been loaded dynamically (C:\Users\New\.m2\repository\net\bytebuddy\byte-buddy-agent\1.14.13\byte-buddy-agent-1.14.13.jar)
WARNING: If a serviceability tool is in use, please run with -XX:+EnableDynamicAgentLoading to hide this warning
WARNING: If a serviceability tool is not in use, please run with -Djdk.instrument.traceUsage for more information
WARNING: Dynamic loading of agents will be disallowed by default in a future release
]]></system-err>
  </testcase>
  <testcase name="testTransferMoneyAndHistory" classname="com.payment.TransactionControllerIntegrationTest" time="0.634">
    <system-out><![CDATA[2026-09-24T14:30:55.856+05:30  INFO 8316 --- [payment-transaction-service] [           main] j.LocalContainerEntityManagerFactoryBean : Closing JPA EntityManagerFactory for persistence unit 'default'
Hibernate: 
    drop table if exists transactions cascade 
Hibernate: 
    drop table if exists users cascade 
2026-09-24T14:30:55.857+05:30  INFO 8316 --- [payment-transaction-service] [           main] com.zaxxer.hikari.HikariDataSource       : HikariPool-2 - Shutdown initiated...
2026-09-24T14:30:55.858+05:30  INFO 8316 --- [payment-transaction-service] [           main] com.zaxxer.hikari.HikariDataSource       : HikariPool-2 - Shutdown completed.

  .   ____          _            __ _ _
 /\\ / ___'_ __ _ _(_)_ __  __ _ \ \ \ \
( ( )\___ | '_ | '_| | '_ \/ _` | \ \ \ \
 \\/  ___)| |_)| | | | | || (_| |  ) ) ) )
  '  |____| .__|_| |_|_| |_\__, | / / / /
 =========|_|==============|___/=/_/_/_/
 :: Spring Boot ::                (v3.2.5)

2026-09-24T14:30:55.874+05:30  INFO 8316 --- [payment-transaction-service] [           main] c.p.TransactionControllerIntegrationTest : Starting TransactionControllerIntegrationTest using Java 21.0.12.1 with PID 8316 (started by New in C:\Users\New\.gemini\antigravity\scratch\payment-transaction-service)
2026-09-24T14:30:55.874+05:30  INFO 8316 --- [payment-transaction-service] [           main] c.p.TransactionControllerIntegrationTest : No active profile set, falling back to 1 default profile: "default"
2026-09-24T14:30:55.976+05:30  INFO 8316 --- [payment-transaction-service] [           main] .s.d.r.c.RepositoryConfigurationDelegate : Bootstrapping Spring Data JPA repositories in DEFAULT mode.
2026-09-24T14:30:55.984+05:30  INFO 8316 --- [payment-transaction-service] [           main] .s.d.r.c.RepositoryConfigurationDelegate : Finished Spring Data repository scanning in 7 ms. Found 2 JPA repository interfaces.
2026-09-24T14:30:56.042+05:30  INFO 8316 --- [payment-transaction-service] [           main] o.hibernate.jpa.internal.util.LogHelper  : HHH000204: Processing PersistenceUnitInfo [name: default]
2026-09-24T14:30:56.044+05:30  INFO 8316 --- [payment-transaction-service] [           main] o.h.c.internal.RegionFactoryInitiator    : HHH000026: Second-level cache disabled
2026-09-24T14:30:56.047+05:30  INFO 8316 --- [payment-transaction-service] [           main] o.s.o.j.p.SpringPersistenceUnitInfo      : No LoadTimeWeaver setup: ignoring JPA class transformer
2026-09-24T14:30:56.048+05:30  INFO 8316 --- [payment-transaction-service] [           main] com.zaxxer.hikari.HikariDataSource       : HikariPool-3 - Starting...
2026-09-24T14:30:56.052+05:30  INFO 8316 --- [payment-transaction-service] [           main] com.zaxxer.hikari.pool.HikariPool        : HikariPool-3 - Added connection conn20: url=jdbc:h2:mem:testdb user=SA
2026-09-24T14:30:56.052+05:30  INFO 8316 --- [payment-transaction-service] [           main] com.zaxxer.hikari.HikariDataSource       : HikariPool-3 - Start completed.
2026-09-24T14:30:56.092+05:30  INFO 8316 --- [payment-transaction-service] [           main] o.h.e.t.j.p.i.JtaPlatformInitiator       : HHH000489: No JTA platform available (set 'hibernate.transaction.jta.platform' to enable JTA platform integration)
Hibernate: 
    drop table if exists transactions cascade 
Hibernate: 
    drop table if exists users cascade 
Hibernate: 
    create table transactions (
        amount numeric(19,2) not null,
        created_at timestamp(6) not null,
        recipient_id bigint not null,
        sender_id bigint not null,
        updated_at timestamp(6) not null,
        id uuid not null,
        description varchar(255),
        status varchar(255) not null check (status in ('PENDING','COMPLETED','FAILED')),
        primary key (id)
    )
Hibernate: 
    create table users (
        balance numeric(19,2) not null,
        created_at timestamp(6) not null,
        id bigint generated by default as identity,
        email varchar(255) not null,
        username varchar(255) not null unique,
        primary key (id)
    )
2026-09-24T14:30:56.095+05:30  INFO 8316 --- [payment-transaction-service] [           main] j.LocalContainerEntityManagerFactoryBean : Initialized JPA EntityManagerFactory for persistence unit 'default'
2026-09-24T14:30:56.139+05:30  WARN 8316 --- [payment-transaction-service] [           main] JpaBaseConfiguration$JpaWebConfiguration : spring.jpa.open-in-view is enabled by default. Therefore, database queries may be performed during view rendering. Explicitly configure spring.jpa.open-in-view to disable this warning
2026-09-24T14:30:56.144+05:30  WARN 8316 --- [payment-transaction-service] [           main] .s.s.UserDetailsServiceAutoConfiguration : 

Using generated security password: b1b73b42-018e-4129-97c0-f580a290c333

This generated password is for development use only. Your security configuration must be updated before running your application in production.

2026-09-24T14:30:56.188+05:30  INFO 8316 --- [payment-transaction-service] [           main] o.s.s.web.DefaultSecurityFilterChain     : Will secure any request with [org.springframework.security.web.session.DisableEncodeUrlFilter@44a3b4d9, org.springframework.security.web.context.request.async.WebAsyncManagerIntegrationFilter@16e3a461, org.springframework.security.web.context.SecurityContextHolderFilter@5f18f8a1, org.springframework.security.web.header.HeaderWriterFilter@1ee47336, org.springframework.web.filter.CorsFilter@7e2723d2, org.springframework.security.web.authentication.logout.LogoutFilter@6bc72ab6, org.springframework.security.web.savedrequest.RequestCacheAwareFilter@26d63c94, org.springframework.security.web.servletapi.SecurityContextHolderAwareRequestFilter@4e42beba, org.springframework.security.web.authentication.AnonymousAuthenticationFilter@2b0061b7, org.springframework.security.web.access.ExceptionTranslationFilter@2c289a9e, org.springframework.security.web.access.intercept.AuthorizationFilter@278e5f8e]
2026-09-24T14:30:56.233+05:30  INFO 8316 --- [payment-transaction-service] [           main] o.s.b.a.h2.H2ConsoleAutoConfiguration    : H2 console available at '/h2-console'. Database available at 'jdbc:h2:mem:testdb'
2026-09-24T14:30:56.248+05:30  INFO 8316 --- [payment-transaction-service] [           main] o.s.b.t.m.w.SpringBootMockServletContext : Initializing Spring TestDispatcherServlet ''
2026-09-24T14:30:56.249+05:30  INFO 8316 --- [payment-transaction-service] [           main] o.s.t.web.servlet.TestDispatcherServlet  : Initializing Servlet ''
2026-09-24T14:30:56.249+05:30  INFO 8316 --- [payment-transaction-service] [           main] o.s.t.web.servlet.TestDispatcherServlet  : Completed initialization in 0 ms
2026-09-24T14:30:56.253+05:30  INFO 8316 --- [payment-transaction-service] [           main] c.p.TransactionControllerIntegrationTest : Started TransactionControllerIntegrationTest in 0.392 seconds (process running for 7.543)
Hibernate: 
    select
        u1_0.id,
        u1_0.balance,
        u1_0.created_at,
        u1_0.email,
        u1_0.username 
    from
        users u1_0 
    where
        u1_0.id=?
Hibernate: 
    select
        u1_0.id,
        u1_0.balance,
        u1_0.created_at,
        u1_0.email,
        u1_0.username 
    from
        users u1_0 
    where
        u1_0.id=?
Hibernate: 
    select
        t1_0.id,
        t1_0.amount,
        t1_0.created_at,
        t1_0.description,
        t1_0.recipient_id,
        t1_0.sender_id,
        t1_0.status,
        t1_0.updated_at 
    from
        transactions t1_0 
    where
        t1_0.id=?
Hibernate: 
    insert 
    into
        transactions
        (amount, created_at, description, recipient_id, sender_id, status, updated_at, id) 
    values
        (?, ?, ?, ?, ?, ?, ?, ?)
Hibernate: 
    update
        users 
    set
        balance=?,
        created_at=?,
        email=?,
        username=? 
    where
        id=?
Hibernate: 
    update
        users 
    set
        balance=?,
        created_at=?,
        email=?,
        username=? 
    where
        id=?
Hibernate: 
    select
        t1_0.id,
        t1_0.amount,
        t1_0.created_at,
        t1_0.description,
        t1_0.recipient_id,
        t1_0.sender_id,
        t1_0.status,
        t1_0.updated_at 
    from
        transactions t1_0 
    where
        t1_0.id=?
Hibernate: 
    select
        count(*) 
    from
        users u1_0 
    where
        u1_0.id=?
Hibernate: 
    select
        t1_0.id,
        t1_0.amount,
        t1_0.created_at,
        t1_0.description,
        t1_0.recipient_id,
        t1_0.sender_id,
        t1_0.status,
        t1_0.updated_at 
    from
        transactions t1_0 
    where
        t1_0.sender_id=? 
        or t1_0.recipient_id=? 
    order by
        t1_0.created_at desc
Hibernate: 
    select
        t1_0.id,
        t1_0.amount,
        t1_0.created_at,
        t1_0.description,
        t1_0.recipient_id,
        t1_0.sender_id,
        t1_0.status,
        t1_0.updated_at 
    from
        transactions t1_0 
    where
        t1_0.status=?
]]></system-out>
  </testcase>
  <testcase name="testPreloadedUsers" classname="com.payment.TransactionControllerIntegrationTest" time="0.461">
    <system-out><![CDATA[2026-09-24T14:30:56.491+05:30  INFO 8316 --- [payment-transaction-service] [           main] j.LocalContainerEntityManagerFactoryBean : Closing JPA EntityManagerFactory for persistence unit 'default'
Hibernate: 
    drop table if exists transactions cascade 
Hibernate: 
    drop table if exists users cascade 
2026-09-24T14:30:56.492+05:30  INFO 8316 --- [payment-transaction-service] [           main] com.zaxxer.hikari.HikariDataSource       : HikariPool-3 - Shutdown initiated...
2026-09-24T14:30:56.493+05:30  INFO 8316 --- [payment-transaction-service] [           main] com.zaxxer.hikari.HikariDataSource       : HikariPool-3 - Shutdown completed.

  .   ____          _            __ _ _
 /\\ / ___'_ __ _ _(_)_ __  __ _ \ \ \ \
( ( )\___ | '_ | '_| | '_ \/ _` | \ \ \ \
 \\/  ___)| |_)| | | | | || (_| |  ) ) ) )
  '  |____| .__|_| |_|_| |_\__, | / / / /
 =========|_|==============|___/=/_/_/_/
 :: Spring Boot ::                (v3.2.5)

2026-09-24T14:30:56.512+05:30  INFO 8316 --- [payment-transaction-service] [           main] c.p.TransactionControllerIntegrationTest : Starting TransactionControllerIntegrationTest using Java 21.0.12.1 with PID 8316 (started by New in C:\Users\New\.gemini\antigravity\scratch\payment-transaction-service)
2026-09-24T14:30:56.512+05:30  INFO 8316 --- [payment-transaction-service] [           main] c.p.TransactionControllerIntegrationTest : No active profile set, falling back to 1 default profile: "default"
2026-09-24T14:30:56.670+05:30  INFO 8316 --- [payment-transaction-service] [           main] .s.d.r.c.RepositoryConfigurationDelegate : Bootstrapping Spring Data JPA repositories in DEFAULT mode.
2026-09-24T14:30:56.676+05:30  INFO 8316 --- [payment-transaction-service] [           main] .s.d.r.c.RepositoryConfigurationDelegate : Finished Spring Data repository scanning in 5 ms. Found 2 JPA repository interfaces.
2026-09-24T14:30:56.717+05:30  INFO 8316 --- [payment-transaction-service] [           main] o.hibernate.jpa.internal.util.LogHelper  : HHH000204: Processing PersistenceUnitInfo [name: default]
2026-09-24T14:30:56.719+05:30  INFO 8316 --- [payment-transaction-service] [           main] o.h.c.internal.RegionFactoryInitiator    : HHH000026: Second-level cache disabled
2026-09-24T14:30:56.723+05:30  INFO 8316 --- [payment-transaction-service] [           main] o.s.o.j.p.SpringPersistenceUnitInfo      : No LoadTimeWeaver setup: ignoring JPA class transformer
2026-09-24T14:30:56.724+05:30  INFO 8316 --- [payment-transaction-service] [           main] com.zaxxer.hikari.HikariDataSource       : HikariPool-4 - Starting...
2026-09-24T14:30:56.727+05:30  INFO 8316 --- [payment-transaction-service] [           main] com.zaxxer.hikari.pool.HikariPool        : HikariPool-4 - Added connection conn30: url=jdbc:h2:mem:testdb user=SA
2026-09-24T14:30:56.727+05:30  INFO 8316 --- [payment-transaction-service] [           main] com.zaxxer.hikari.HikariDataSource       : HikariPool-4 - Start completed.
2026-09-24T14:30:56.770+05:30  INFO 8316 --- [payment-transaction-service] [           main] o.h.e.t.j.p.i.JtaPlatformInitiator       : HHH000489: No JTA platform available (set 'hibernate.transaction.jta.platform' to enable JTA platform integration)
Hibernate: 
    drop table if exists transactions cascade 
Hibernate: 
    drop table if exists users cascade 
Hibernate: 
    create table transactions (
        amount numeric(19,2) not null,
        created_at timestamp(6) not null,
        recipient_id bigint not null,
        sender_id bigint not null,
        updated_at timestamp(6) not null,
        id uuid not null,
        description varchar(255),
        status varchar(255) not null check (status in ('PENDING','COMPLETED','FAILED')),
        primary key (id)
    )
Hibernate: 
    create table users (
        balance numeric(19,2) not null,
        created_at timestamp(6) not null,
        id bigint generated by default as identity,
        email varchar(255) not null,
        username varchar(255) not null unique,
        primary key (id)
    )
2026-09-24T14:30:56.775+05:30  INFO 8316 --- [payment-transaction-service] [           main] j.LocalContainerEntityManagerFactoryBean : Initialized JPA EntityManagerFactory for persistence unit 'default'
2026-09-24T14:30:56.824+05:30  WARN 8316 --- [payment-transaction-service] [           main] JpaBaseConfiguration$JpaWebConfiguration : spring.jpa.open-in-view is enabled by default. Therefore, database queries may be performed during view rendering. Explicitly configure spring.jpa.open-in-view to disable this warning
2026-09-24T14:30:56.827+05:30  WARN 8316 --- [payment-transaction-service] [           main] .s.s.UserDetailsServiceAutoConfiguration : 

Using generated security password: dfa87296-2f70-47cc-8383-42f338f75327

This generated password is for development use only. Your security configuration must be updated before running your application in production.

2026-09-24T14:30:56.865+05:30  INFO 8316 --- [payment-transaction-service] [           main] o.s.s.web.DefaultSecurityFilterChain     : Will secure any request with [org.springframework.security.web.session.DisableEncodeUrlFilter@5c6eb961, org.springframework.security.web.context.request.async.WebAsyncManagerIntegrationFilter@4e7e42c4, org.springframework.security.web.context.SecurityContextHolderFilter@c2e9e33, org.springframework.security.web.header.HeaderWriterFilter@1a212395, org.springframework.web.filter.CorsFilter@99c24c, org.springframework.security.web.authentication.logout.LogoutFilter@1310324a, org.springframework.security.web.savedrequest.RequestCacheAwareFilter@5aae7f30, org.springframework.security.web.servletapi.SecurityContextHolderAwareRequestFilter@78995f04, org.springframework.security.web.authentication.AnonymousAuthenticationFilter@64cef807, org.springframework.security.web.access.ExceptionTranslationFilter@3c23d6cf, org.springframework.security.web.access.intercept.AuthorizationFilter@83d91c1]
2026-09-24T14:30:56.905+05:30  INFO 8316 --- [payment-transaction-service] [           main] o.s.b.a.h2.H2ConsoleAutoConfiguration    : H2 console available at '/h2-console'. Database available at 'jdbc:h2:mem:testdb'
2026-09-24T14:30:56.922+05:30  INFO 8316 --- [payment-transaction-service] [           main] o.s.b.t.m.w.SpringBootMockServletContext : Initializing Spring TestDispatcherServlet ''
2026-09-24T14:30:56.922+05:30  INFO 8316 --- [payment-transaction-service] [           main] o.s.t.web.servlet.TestDispatcherServlet  : Initializing Servlet ''
2026-09-24T14:30:56.922+05:30  INFO 8316 --- [payment-transaction-service] [           main] o.s.t.web.servlet.TestDispatcherServlet  : Completed initialization in 0 ms
2026-09-24T14:30:56.926+05:30  INFO 8316 --- [payment-transaction-service] [           main] c.p.TransactionControllerIntegrationTest : Started TransactionControllerIntegrationTest in 0.432 seconds (process running for 8.216)
Hibernate: 
    select
        u1_0.id,
        u1_0.balance,
        u1_0.created_at,
        u1_0.email,
        u1_0.username 
    from
        users u1_0
]]></system-out>
  </testcase>
  <testcase name="testRegisterUser" classname="com.payment.TransactionControllerIntegrationTest" time="0.512">
    <system-out><![CDATA[2026-09-24T14:30:56.953+05:30  INFO 8316 --- [payment-transaction-service] [           main] j.LocalContainerEntityManagerFactoryBean : Closing JPA EntityManagerFactory for persistence unit 'default'
Hibernate: 
    drop table if exists transactions cascade 
Hibernate: 
    drop table if exists users cascade 
2026-09-24T14:30:56.954+05:30  INFO 8316 --- [payment-transaction-service] [           main] com.zaxxer.hikari.HikariDataSource       : HikariPool-4 - Shutdown initiated...
2026-09-24T14:30:56.955+05:30  INFO 8316 --- [payment-transaction-service] [           main] com.zaxxer.hikari.HikariDataSource       : HikariPool-4 - Shutdown completed.

  .   ____          _            __ _ _
 /\\ / ___'_ __ _ _(_)_ __  __ _ \ \ \ \
( ( )\___ | '_ | '_| | '_ \/ _` | \ \ \ \
 \\/  ___)| |_)| | | | | || (_| |  ) ) ) )
  '  |____| .__|_| |_|_| |_\__, | / / / /
 =========|_|==============|___/=/_/_/_/
 :: Spring Boot ::                (v3.2.5)

2026-09-24T14:30:56.974+05:30  INFO 8316 --- [payment-transaction-service] [           main] c.p.TransactionControllerIntegrationTest : Starting TransactionControllerIntegrationTest using Java 21.0.12.1 with PID 8316 (started by New in C:\Users\New\.gemini\antigravity\scratch\payment-transaction-service)
2026-09-24T14:30:56.974+05:30  INFO 8316 --- [payment-transaction-service] [           main] c.p.TransactionControllerIntegrationTest : No active profile set, falling back to 1 default profile: "default"
2026-09-24T14:30:57.116+05:30  INFO 8316 --- [payment-transaction-service] [           main] .s.d.r.c.RepositoryConfigurationDelegate : Bootstrapping Spring Data JPA repositories in DEFAULT mode.
2026-09-24T14:30:57.124+05:30  INFO 8316 --- [payment-transaction-service] [           main] .s.d.r.c.RepositoryConfigurationDelegate : Finished Spring Data repository scanning in 7 ms. Found 2 JPA repository interfaces.
2026-09-24T14:30:57.178+05:30  INFO 8316 --- [payment-transaction-service] [           main] o.hibernate.jpa.internal.util.LogHelper  : HHH000204: Processing PersistenceUnitInfo [name: default]
2026-09-24T14:30:57.182+05:30  INFO 8316 --- [payment-transaction-service] [           main] o.h.c.internal.RegionFactoryInitiator    : HHH000026: Second-level cache disabled
2026-09-24T14:30:57.185+05:30  INFO 8316 --- [payment-transaction-service] [           main] o.s.o.j.p.SpringPersistenceUnitInfo      : No LoadTimeWeaver setup: ignoring JPA class transformer
2026-09-24T14:30:57.186+05:30  INFO 8316 --- [payment-transaction-service] [           main] com.zaxxer.hikari.HikariDataSource       : HikariPool-5 - Starting...
2026-09-24T14:30:57.187+05:30  INFO 8316 --- [payment-transaction-service] [           main] com.zaxxer.hikari.pool.HikariPool        : HikariPool-5 - Added connection conn39: url=jdbc:h2:mem:testdb user=SA
2026-09-24T14:30:57.187+05:30  INFO 8316 --- [payment-transaction-service] [           main] com.zaxxer.hikari.HikariDataSource       : HikariPool-5 - Start completed.
2026-09-24T14:30:57.236+05:30  INFO 8316 --- [payment-transaction-service] [           main] o.h.e.t.j.p.i.JtaPlatformInitiator       : HHH000489: No JTA platform available (set 'hibernate.transaction.jta.platform' to enable JTA platform integration)
Hibernate: 
    drop table if exists transactions cascade 
Hibernate: 
    drop table if exists users cascade 
Hibernate: 
    create table transactions (
        amount numeric(19,2) not null,
        created_at timestamp(6) not null,
        recipient_id bigint not null,
        sender_id bigint not null,
        updated_at timestamp(6) not null,
        id uuid not null,
        description varchar(255),
        status varchar(255) not null check (status in ('PENDING','COMPLETED','FAILED')),
        primary key (id)
    )
Hibernate: 
    create table users (
        balance numeric(19,2) not null,
        created_at timestamp(6) not null,
        id bigint generated by default as identity,
        email varchar(255) not null,
        username varchar(255) not null unique,
        primary key (id)
    )
2026-09-24T14:30:57.240+05:30  INFO 8316 --- [payment-transaction-service] [           main] j.LocalContainerEntityManagerFactoryBean : Initialized JPA EntityManagerFactory for persistence unit 'default'
2026-09-24T14:30:57.286+05:30  WARN 8316 --- [payment-transaction-service] [           main] JpaBaseConfiguration$JpaWebConfiguration : spring.jpa.open-in-view is enabled by default. Therefore, database queries may be performed during view rendering. Explicitly configure spring.jpa.open-in-view to disable this warning
2026-09-24T14:30:57.290+05:30  WARN 8316 --- [payment-transaction-service] [           main] .s.s.UserDetailsServiceAutoConfiguration : 

Using generated security password: d48dfc4a-0b60-40fe-b47d-8bbf36ce87bf

This generated password is for development use only. Your security configuration must be updated before running your application in production.

2026-09-24T14:30:57.338+05:30  INFO 8316 --- [payment-transaction-service] [           main] o.s.s.web.DefaultSecurityFilterChain     : Will secure any request with [org.springframework.security.web.session.DisableEncodeUrlFilter@1714fe69, org.springframework.security.web.context.request.async.WebAsyncManagerIntegrationFilter@3672ba7d, org.springframework.security.web.context.SecurityContextHolderFilter@5e232d07, org.springframework.security.web.header.HeaderWriterFilter@66af6b7b, org.springframework.web.filter.CorsFilter@24e14ca6, org.springframework.security.web.authentication.logout.LogoutFilter@448ca967, org.springframework.security.web.savedrequest.RequestCacheAwareFilter@f116270, org.springframework.security.web.servletapi.SecurityContextHolderAwareRequestFilter@1e69a310, org.springframework.security.web.authentication.AnonymousAuthenticationFilter@77c001d7, org.springframework.security.web.access.ExceptionTranslationFilter@326471ab, org.springframework.security.web.access.intercept.AuthorizationFilter@13a80b56]
2026-09-24T14:30:57.378+05:30  INFO 8316 --- [payment-transaction-service] [           main] o.s.b.a.h2.H2ConsoleAutoConfiguration    : H2 console available at '/h2-console'. Database available at 'jdbc:h2:mem:testdb'
2026-09-24T14:30:57.401+05:30  INFO 8316 --- [payment-transaction-service] [           main] o.s.b.t.m.w.SpringBootMockServletContext : Initializing Spring TestDispatcherServlet ''
2026-09-24T14:30:57.401+05:30  INFO 8316 --- [payment-transaction-service] [           main] o.s.t.web.servlet.TestDispatcherServlet  : Initializing Servlet ''
2026-09-24T14:30:57.401+05:30  INFO 8316 --- [payment-transaction-service] [           main] o.s.t.web.servlet.TestDispatcherServlet  : Completed initialization in 0 ms
2026-09-24T14:30:57.408+05:30  INFO 8316 --- [payment-transaction-service] [           main] c.p.TransactionControllerIntegrationTest : Started TransactionControllerIntegrationTest in 0.451 seconds (process running for 8.697)
Hibernate: 
    select
        u1_0.id 
    from
        users u1_0 
    where
        u1_0.username=? 
    fetch
        first ? rows only
Hibernate: 
    insert 
    into
        users
        (balance, created_at, email, username, id) 
    values
        (?, ?, ?, ?, default)
]]></system-out>
  </testcase>
  <testcase name="testInsufficientFundsTransfer" classname="com.payment.TransactionControllerIntegrationTest" time="0.383">
    <system-out><![CDATA[2026-09-24T14:30:57.469+05:30  INFO 8316 --- [payment-transaction-service] [           main] j.LocalContainerEntityManagerFactoryBean : Closing JPA EntityManagerFactory for persistence unit 'default'
Hibernate: 
    drop table if exists transactions cascade 
Hibernate: 
    drop table if exists users cascade 
2026-09-24T14:30:57.470+05:30  INFO 8316 --- [payment-transaction-service] [           main] com.zaxxer.hikari.HikariDataSource       : HikariPool-5 - Shutdown initiated...
2026-09-24T14:30:57.471+05:30  INFO 8316 --- [payment-transaction-service] [           main] com.zaxxer.hikari.HikariDataSource       : HikariPool-5 - Shutdown completed.

  .   ____          _            __ _ _
 /\\ / ___'_ __ _ _(_)_ __  __ _ \ \ \ \
( ( )\___ | '_ | '_| | '_ \/ _` | \ \ \ \
 \\/  ___)| |_)| | | | | || (_| |  ) ) ) )
  '  |____| .__|_| |_|_| |_\__, | / / / /
 =========|_|==============|___/=/_/_/_/
 :: Spring Boot ::                (v3.2.5)

2026-09-24T14:30:57.487+05:30  INFO 8316 --- [payment-transaction-service] [           main] c.p.TransactionControllerIntegrationTest : Starting TransactionControllerIntegrationTest using Java 21.0.12.1 with PID 8316 (started by New in C:\Users\New\.gemini\antigravity\scratch\payment-transaction-service)
2026-09-24T14:30:57.487+05:30  INFO 8316 --- [payment-transaction-service] [           main] c.p.TransactionControllerIntegrationTest : No active profile set, falling back to 1 default profile: "default"
2026-09-24T14:30:57.593+05:30  INFO 8316 --- [payment-transaction-service] [           main] .s.d.r.c.RepositoryConfigurationDelegate : Bootstrapping Spring Data JPA repositories in DEFAULT mode.
2026-09-24T14:30:57.601+05:30  INFO 8316 --- [payment-transaction-service] [           main] .s.d.r.c.RepositoryConfigurationDelegate : Finished Spring Data repository scanning in 8 ms. Found 2 JPA repository interfaces.
2026-09-24T14:30:57.641+05:30  INFO 8316 --- [payment-transaction-service] [           main] o.hibernate.jpa.internal.util.LogHelper  : HHH000204: Processing PersistenceUnitInfo [name: default]
2026-09-24T14:30:57.642+05:30  INFO 8316 --- [payment-transaction-service] [           main] o.h.c.internal.RegionFactoryInitiator    : HHH000026: Second-level cache disabled
2026-09-24T14:30:57.645+05:30  INFO 8316 --- [payment-transaction-service] [           main] o.s.o.j.p.SpringPersistenceUnitInfo      : No LoadTimeWeaver setup: ignoring JPA class transformer
2026-09-24T14:30:57.646+05:30  INFO 8316 --- [payment-transaction-service] [           main] com.zaxxer.hikari.HikariDataSource       : HikariPool-6 - Starting...
2026-09-24T14:30:57.648+05:30  INFO 8316 --- [payment-transaction-service] [           main] com.zaxxer.hikari.pool.HikariPool        : HikariPool-6 - Added connection conn49: url=jdbc:h2:mem:testdb user=SA
2026-09-24T14:30:57.649+05:30  INFO 8316 --- [payment-transaction-service] [           main] com.zaxxer.hikari.HikariDataSource       : HikariPool-6 - Start completed.
2026-09-24T14:30:57.695+05:30  INFO 8316 --- [payment-transaction-service] [           main] o.h.e.t.j.p.i.JtaPlatformInitiator       : HHH000489: No JTA platform available (set 'hibernate.transaction.jta.platform' to enable JTA platform integration)
Hibernate: 
    drop table if exists transactions cascade 
Hibernate: 
    drop table if exists users cascade 
Hibernate: 
    create table transactions (
        amount numeric(19,2) not null,
        created_at timestamp(6) not null,
        recipient_id bigint not null,
        sender_id bigint not null,
        updated_at timestamp(6) not null,
        id uuid not null,
        description varchar(255),
        status varchar(255) not null check (status in ('PENDING','COMPLETED','FAILED')),
        primary key (id)
    )
Hibernate: 
    create table users (
        balance numeric(19,2) not null,
        created_at timestamp(6) not null,
        id bigint generated by default as identity,
        email varchar(255) not null,
        username varchar(255) not null unique,
        primary key (id)
    )
2026-09-24T14:30:57.699+05:30  INFO 8316 --- [payment-transaction-service] [           main] j.LocalContainerEntityManagerFactoryBean : Initialized JPA EntityManagerFactory for persistence unit 'default'
2026-09-24T14:30:57.751+05:30  WARN 8316 --- [payment-transaction-service] [           main] JpaBaseConfiguration$JpaWebConfiguration : spring.jpa.open-in-view is enabled by default. Therefore, database queries may be performed during view rendering. Explicitly configure spring.jpa.open-in-view to disable this warning
2026-09-24T14:30:57.755+05:30  WARN 8316 --- [payment-transaction-service] [           main] .s.s.UserDetailsServiceAutoConfiguration : 

Using generated security password: 3dedb4fe-0f7e-4c1d-a2af-23e72ef2e1c8

This generated password is for development use only. Your security configuration must be updated before running your application in production.

2026-09-24T14:30:57.788+05:30  INFO 8316 --- [payment-transaction-service] [           main] o.s.s.web.DefaultSecurityFilterChain     : Will secure any request with [org.springframework.security.web.session.DisableEncodeUrlFilter@28d9bd86, org.springframework.security.web.context.request.async.WebAsyncManagerIntegrationFilter@2f78ab54, org.springframework.security.web.context.SecurityContextHolderFilter@f337f10, org.springframework.security.web.header.HeaderWriterFilter@37601089, org.springframework.web.filter.CorsFilter@6eac0029, org.springframework.security.web.authentication.logout.LogoutFilter@6d0d557c, org.springframework.security.web.savedrequest.RequestCacheAwareFilter@7023e935, org.springframework.security.web.servletapi.SecurityContextHolderAwareRequestFilter@4e01cba8, org.springframework.security.web.authentication.AnonymousAuthenticationFilter@979c3cb, org.springframework.security.web.access.ExceptionTranslationFilter@75d978a9, org.springframework.security.web.access.intercept.AuthorizationFilter@4214a4cb]
2026-09-24T14:30:57.816+05:30  INFO 8316 --- [payment-transaction-service] [           main] o.s.b.a.h2.H2ConsoleAutoConfiguration    : H2 console available at '/h2-console'. Database available at 'jdbc:h2:mem:testdb'
2026-09-24T14:30:57.827+05:30  INFO 8316 --- [payment-transaction-service] [           main] o.s.b.t.m.w.SpringBootMockServletContext : Initializing Spring TestDispatcherServlet ''
2026-09-24T14:30:57.827+05:30  INFO 8316 --- [payment-transaction-service] [           main] o.s.t.web.servlet.TestDispatcherServlet  : Initializing Servlet ''
2026-09-24T14:30:57.827+05:30  INFO 8316 --- [payment-transaction-service] [           main] o.s.t.web.servlet.TestDispatcherServlet  : Completed initialization in 0 ms
2026-09-24T14:30:57.830+05:30  INFO 8316 --- [payment-transaction-service] [           main] c.p.TransactionControllerIntegrationTest : Started TransactionControllerIntegrationTest in 0.358 seconds (process running for 9.12)
Hibernate: 
    select
        u1_0.id,
        u1_0.balance,
        u1_0.created_at,
        u1_0.email,
        u1_0.username 
    from
        users u1_0 
    where
        u1_0.id=?
Hibernate: 
    select
        u1_0.id,
        u1_0.balance,
        u1_0.created_at,
        u1_0.email,
        u1_0.username 
    from
        users u1_0 
    where
        u1_0.id=?
]]></system-out>
  </testcase>
  <testcase name="testSelfTransfer" classname="com.payment.TransactionControllerIntegrationTest" time="0.352">
    <system-out><![CDATA[2026-09-24T14:30:57.853+05:30  INFO 8316 --- [payment-transaction-service] [           main] j.LocalContainerEntityManagerFactoryBean : Closing JPA EntityManagerFactory for persistence unit 'default'
Hibernate: 
    drop table if exists transactions cascade 
Hibernate: 
    drop table if exists users cascade 
2026-09-24T14:30:57.855+05:30  INFO 8316 --- [payment-transaction-service] [           main] com.zaxxer.hikari.HikariDataSource       : HikariPool-6 - Shutdown initiated...
2026-09-24T14:30:57.869+05:30  INFO 8316 --- [payment-transaction-service] [           main] com.zaxxer.hikari.HikariDataSource       : HikariPool-6 - Shutdown completed.

  .   ____          _            __ _ _
 /\\ / ___'_ __ _ _(_)_ __  __ _ \ \ \ \
( ( )\___ | '_ | '_| | '_ \/ _` | \ \ \ \
 \\/  ___)| |_)| | | | | || (_| |  ) ) ) )
  '  |____| .__|_| |_|_| |_\__, | / / / /
 =========|_|==============|___/=/_/_/_/
 :: Spring Boot ::                (v3.2.5)

2026-09-24T14:30:57.883+05:30  INFO 8316 --- [payment-transaction-service] [           main] c.p.TransactionControllerIntegrationTest : Starting TransactionControllerIntegrationTest using Java 21.0.12.1 with PID 8316 (started by New in C:\Users\New\.gemini\antigravity\scratch\payment-transaction-service)
2026-09-24T14:30:57.884+05:30  INFO 8316 --- [payment-transaction-service] [           main] c.p.TransactionControllerIntegrationTest : No active profile set, falling back to 1 default profile: "default"
2026-09-24T14:30:57.981+05:30  INFO 8316 --- [payment-transaction-service] [           main] .s.d.r.c.RepositoryConfigurationDelegate : Bootstrapping Spring Data JPA repositories in DEFAULT mode.
2026-09-24T14:30:57.987+05:30  INFO 8316 --- [payment-transaction-service] [           main] .s.d.r.c.RepositoryConfigurationDelegate : Finished Spring Data repository scanning in 5 ms. Found 2 JPA repository interfaces.
2026-09-24T14:30:58.027+05:30  INFO 8316 --- [payment-transaction-service] [           main] o.hibernate.jpa.internal.util.LogHelper  : HHH000204: Processing PersistenceUnitInfo [name: default]
2026-09-24T14:30:58.029+05:30  INFO 8316 --- [payment-transaction-service] [           main] o.h.c.internal.RegionFactoryInitiator    : HHH000026: Second-level cache disabled
2026-09-24T14:30:58.034+05:30  INFO 8316 --- [payment-transaction-service] [           main] o.s.o.j.p.SpringPersistenceUnitInfo      : No LoadTimeWeaver setup: ignoring JPA class transformer
2026-09-24T14:30:58.035+05:30  INFO 8316 --- [payment-transaction-service] [           main] com.zaxxer.hikari.HikariDataSource       : HikariPool-7 - Starting...
2026-09-24T14:30:58.036+05:30  INFO 8316 --- [payment-transaction-service] [           main] com.zaxxer.hikari.pool.HikariPool        : HikariPool-7 - Added connection conn57: url=jdbc:h2:mem:testdb user=SA
2026-09-24T14:30:58.037+05:30  INFO 8316 --- [payment-transaction-service] [           main] com.zaxxer.hikari.HikariDataSource       : HikariPool-7 - Start completed.
2026-09-24T14:30:58.081+05:30  INFO 8316 --- [payment-transaction-service] [           main] o.h.e.t.j.p.i.JtaPlatformInitiator       : HHH000489: No JTA platform available (set 'hibernate.transaction.jta.platform' to enable JTA platform integration)
Hibernate: 
    drop table if exists transactions cascade 
Hibernate: 
    drop table if exists users cascade 
Hibernate: 
    create table transactions (
        amount numeric(19,2) not null,
        created_at timestamp(6) not null,
        recipient_id bigint not null,
        sender_id bigint not null,
        updated_at timestamp(6) not null,
        id uuid not null,
        description varchar(255),
        status varchar(255) not null check (status in ('PENDING','COMPLETED','FAILED')),
        primary key (id)
    )
Hibernate: 
    create table users (
        balance numeric(19,2) not null,
        created_at timestamp(6) not null,
        id bigint generated by default as identity,
        email varchar(255) not null,
        username varchar(255) not null unique,
        primary key (id)
    )
2026-09-24T14:30:58.083+05:30  INFO 8316 --- [payment-transaction-service] [           main] j.LocalContainerEntityManagerFactoryBean : Initialized JPA EntityManagerFactory for persistence unit 'default'
2026-09-24T14:30:58.121+05:30  WARN 8316 --- [payment-transaction-service] [           main] JpaBaseConfiguration$JpaWebConfiguration : spring.jpa.open-in-view is enabled by default. Therefore, database queries may be performed during view rendering. Explicitly configure spring.jpa.open-in-view to disable this warning
2026-09-24T14:30:58.125+05:30  WARN 8316 --- [payment-transaction-service] [           main] .s.s.UserDetailsServiceAutoConfiguration : 

Using generated security password: 8a1b7c62-da7d-4748-a2a2-738aaaf754a4

This generated password is for development use only. Your security configuration must be updated before running your application in production.

2026-09-24T14:30:58.151+05:30  INFO 8316 --- [payment-transaction-service] [           main] o.s.s.web.DefaultSecurityFilterChain     : Will secure any request with [org.springframework.security.web.session.DisableEncodeUrlFilter@7424796c, org.springframework.security.web.context.request.async.WebAsyncManagerIntegrationFilter@2d8c51c9, org.springframework.security.web.context.SecurityContextHolderFilter@5362b064, org.springframework.security.web.header.HeaderWriterFilter@4c0a3fde, org.springframework.web.filter.CorsFilter@84ab902, org.springframework.security.web.authentication.logout.LogoutFilter@aca7766, org.springframework.security.web.savedrequest.RequestCacheAwareFilter@137720f3, org.springframework.security.web.servletapi.SecurityContextHolderAwareRequestFilter@51843e3e, org.springframework.security.web.authentication.AnonymousAuthenticationFilter@70ab102c, org.springframework.security.web.access.ExceptionTranslationFilter@8d94d1e, org.springframework.security.web.access.intercept.AuthorizationFilter@50150196]
2026-09-24T14:30:58.173+05:30  INFO 8316 --- [payment-transaction-service] [           main] o.s.b.a.h2.H2ConsoleAutoConfiguration    : H2 console available at '/h2-console'. Database available at 'jdbc:h2:mem:testdb'
2026-09-24T14:30:58.185+05:30  INFO 8316 --- [payment-transaction-service] [           main] o.s.b.t.m.w.SpringBootMockServletContext : Initializing Spring TestDispatcherServlet ''
2026-09-24T14:30:58.185+05:30  INFO 8316 --- [payment-transaction-service] [           main] o.s.t.web.servlet.TestDispatcherServlet  : Initializing Servlet ''
2026-09-24T14:30:58.185+05:30  INFO 8316 --- [payment-transaction-service] [           main] o.s.t.web.servlet.TestDispatcherServlet  : Completed initialization in 0 ms
2026-09-24T14:30:58.188+05:30  INFO 8316 --- [payment-transaction-service] [           main] c.p.TransactionControllerIntegrationTest : Started TransactionControllerIntegrationTest in 0.317 seconds (process running for 9.478)
]]></system-out>
  </testcase>
  <testcase name="testGetUserById" classname="com.payment.TransactionControllerIntegrationTest" time="0.369">
    <system-out><![CDATA[2026-09-24T14:30:58.206+05:30  INFO 8316 --- [payment-transaction-service] [           main] j.LocalContainerEntityManagerFactoryBean : Closing JPA EntityManagerFactory for persistence unit 'default'
Hibernate: 
    drop table if exists transactions cascade 
Hibernate: 
    drop table if exists users cascade 
2026-09-24T14:30:58.207+05:30  INFO 8316 --- [payment-transaction-service] [           main] com.zaxxer.hikari.HikariDataSource       : HikariPool-7 - Shutdown initiated...
2026-09-24T14:30:58.209+05:30  INFO 8316 --- [payment-transaction-service] [           main] com.zaxxer.hikari.HikariDataSource       : HikariPool-7 - Shutdown completed.

  .   ____          _            __ _ _
 /\\ / ___'_ __ _ _(_)_ __  __ _ \ \ \ \
( ( )\___ | '_ | '_| | '_ \/ _` | \ \ \ \
 \\/  ___)| |_)| | | | | || (_| |  ) ) ) )
  '  |____| .__|_| |_|_| |_\__, | / / / /
 =========|_|==============|___/=/_/_/_/
 :: Spring Boot ::                (v3.2.5)

2026-09-24T14:30:58.221+05:30  INFO 8316 --- [payment-transaction-service] [           main] c.p.TransactionControllerIntegrationTest : Starting TransactionControllerIntegrationTest using Java 21.0.12.1 with PID 8316 (started by New in C:\Users\New\.gemini\antigravity\scratch\payment-transaction-service)
2026-09-24T14:30:58.221+05:30  INFO 8316 --- [payment-transaction-service] [           main] c.p.TransactionControllerIntegrationTest : No active profile set, falling back to 1 default profile: "default"
2026-09-24T14:30:58.369+05:30  INFO 8316 --- [payment-transaction-service] [           main] .s.d.r.c.RepositoryConfigurationDelegate : Bootstrapping Spring Data JPA repositories in DEFAULT mode.
2026-09-24T14:30:58.376+05:30  INFO 8316 --- [payment-transaction-service] [           main] .s.d.r.c.RepositoryConfigurationDelegate : Finished Spring Data repository scanning in 5 ms. Found 2 JPA repository interfaces.
2026-09-24T14:30:58.418+05:30  INFO 8316 --- [payment-transaction-service] [           main] o.hibernate.jpa.internal.util.LogHelper  : HHH000204: Processing PersistenceUnitInfo [name: default]
2026-09-24T14:30:58.419+05:30  INFO 8316 --- [payment-transaction-service] [           main] o.h.c.internal.RegionFactoryInitiator    : HHH000026: Second-level cache disabled
2026-09-24T14:30:58.422+05:30  INFO 8316 --- [payment-transaction-service] [           main] o.s.o.j.p.SpringPersistenceUnitInfo      : No LoadTimeWeaver setup: ignoring JPA class transformer
2026-09-24T14:30:58.423+05:30  INFO 8316 --- [payment-transaction-service] [           main] com.zaxxer.hikari.HikariDataSource       : HikariPool-8 - Starting...
2026-09-24T14:30:58.424+05:30  INFO 8316 --- [payment-transaction-service] [           main] com.zaxxer.hikari.pool.HikariPool        : HikariPool-8 - Added connection conn62: url=jdbc:h2:mem:testdb user=SA
2026-09-24T14:30:58.424+05:30  INFO 8316 --- [payment-transaction-service] [           main] com.zaxxer.hikari.HikariDataSource       : HikariPool-8 - Start completed.
2026-09-24T14:30:58.459+05:30  INFO 8316 --- [payment-transaction-service] [           main] o.h.e.t.j.p.i.JtaPlatformInitiator       : HHH000489: No JTA platform available (set 'hibernate.transaction.jta.platform' to enable JTA platform integration)
Hibernate: 
    drop table if exists transactions cascade 
Hibernate: 
    drop table if exists users cascade 
Hibernate: 
    create table transactions (
        amount numeric(19,2) not null,
        created_at timestamp(6) not null,
        recipient_id bigint not null,
        sender_id bigint not null,
        updated_at timestamp(6) not null,
        id uuid not null,
        description varchar(255),
        status varchar(255) not null check (status in ('PENDING','COMPLETED','FAILED')),
        primary key (id)
    )
Hibernate: 
    create table users (
        balance numeric(19,2) not null,
        created_at timestamp(6) not null,
        id bigint generated by default as identity,
        email varchar(255) not null,
        username varchar(255) not null unique,
        primary key (id)
    )
2026-09-24T14:30:58.464+05:30  INFO 8316 --- [payment-transaction-service] [           main] j.LocalContainerEntityManagerFactoryBean : Initialized JPA EntityManagerFactory for persistence unit 'default'
2026-09-24T14:30:58.503+05:30  WARN 8316 --- [payment-transaction-service] [           main] JpaBaseConfiguration$JpaWebConfiguration : spring.jpa.open-in-view is enabled by default. Therefore, database queries may be performed during view rendering. Explicitly configure spring.jpa.open-in-view to disable this warning
2026-09-24T14:30:58.506+05:30  WARN 8316 --- [payment-transaction-service] [           main] .s.s.UserDetailsServiceAutoConfiguration : 

Using generated security password: 17bed47e-e022-415c-b1c9-d4b11aab141d

This generated password is for development use only. Your security configuration must be updated before running your application in production.

2026-09-24T14:30:58.529+05:30  INFO 8316 --- [payment-transaction-service] [           main] o.s.s.web.DefaultSecurityFilterChain     : Will secure any request with [org.springframework.security.web.session.DisableEncodeUrlFilter@4dbad471, org.springframework.security.web.context.request.async.WebAsyncManagerIntegrationFilter@4ce29762, org.springframework.security.web.context.SecurityContextHolderFilter@4a229e9d, org.springframework.security.web.header.HeaderWriterFilter@1f7f2e76, org.springframework.web.filter.CorsFilter@7a34bb07, org.springframework.security.web.authentication.logout.LogoutFilter@400bb27, org.springframework.security.web.savedrequest.RequestCacheAwareFilter@67138427, org.springframework.security.web.servletapi.SecurityContextHolderAwareRequestFilter@3ce295f9, org.springframework.security.web.authentication.AnonymousAuthenticationFilter@4c7d7912, org.springframework.security.web.access.ExceptionTranslationFilter@48526f0b, org.springframework.security.web.access.intercept.AuthorizationFilter@572c3a61]
2026-09-24T14:30:58.552+05:30  INFO 8316 --- [payment-transaction-service] [           main] o.s.b.a.h2.H2ConsoleAutoConfiguration    : H2 console available at '/h2-console'. Database available at 'jdbc:h2:mem:testdb'
2026-09-24T14:30:58.560+05:30  INFO 8316 --- [payment-transaction-service] [           main] o.s.b.t.m.w.SpringBootMockServletContext : Initializing Spring TestDispatcherServlet ''
2026-09-24T14:30:58.560+05:30  INFO 8316 --- [payment-transaction-service] [           main] o.s.t.web.servlet.TestDispatcherServlet  : Initializing Servlet ''
2026-09-24T14:30:58.561+05:30  INFO 8316 --- [payment-transaction-service] [           main] o.s.t.web.servlet.TestDispatcherServlet  : Completed initialization in 1 ms
2026-09-24T14:30:58.564+05:30  INFO 8316 --- [payment-transaction-service] [           main] c.p.TransactionControllerIntegrationTest : Started TransactionControllerIntegrationTest in 0.353 seconds (process running for 9.854)
Hibernate: 
    select
        u1_0.id,
        u1_0.balance,
        u1_0.created_at,
        u1_0.email,
        u1_0.username 
    from
        users u1_0 
    where
        u1_0.id=?
]]></system-out>
  </testcase>
</testsuite>